{
  "Cucumber Features": {
    "coverage": {
      "/home/nroos/Programming/LanitujuOhtu/app/controllers/articles_controller.rb": [
        1,
        1,
        null,
        null,
        null,
        1,
        0,
        null,
        null,
        null,
        null,
        1,
        null,
        null,
        null,
        1,
        0,
        null,
        1,
        2,
        2,
        2,
        null,
        null,
        null,
        1,
        null,
        null,
        null,
        null,
        1,
        0,
        null,
        0,
        0,
        0,
        0,
        null,
        0,
        0,
        null,
        null,
        null,
        null,
        null,
        null,
        1,
        0,
        0,
        0,
        0,
        null,
        0,
        0,
        null,
        null,
        null,
        null,
        null,
        null,
        1,
        0,
        0,
        0,
        0,
        null,
        null,
        null,
        1,
        null,
        1,
        0,
        null,
        null,
        null,
        1,
        0,
        null,
        null
      ],
      "/home/nroos/Programming/LanitujuOhtu/app/controllers/application_controller.rb": [
        1,
        null,
        null,
        1,
        null,
        null,
        null,
        null
      ],
      "/home/nroos/Programming/LanitujuOhtu/app/helpers/application_helper.rb": [
        1,
        null
      ],
      "/home/nroos/Programming/LanitujuOhtu/app/helpers/articles_helper.rb": [
        1,
        null
      ],
      "/home/nroos/Programming/LanitujuOhtu/app/helpers/books_helper.rb": [
        1,
        null
      ],
      "/home/nroos/Programming/LanitujuOhtu/app/helpers/file_helper.rb": [
        1,
        null
      ],
      "/home/nroos/Programming/LanitujuOhtu/app/helpers/file_controller_helper.rb": [
        1,
        null
      ],
      "/home/nroos/Programming/LanitujuOhtu/app/helpers/inproceedings_helper.rb": [
        1,
        null
      ],
      "/home/nroos/Programming/LanitujuOhtu/app/models/article.rb": [
        1,
        null,
        1,
        1,
        1,
        1,
        null,
        null,
        1,
        0,
        null,
        null,
        1,
        0,
        null,
        null,
        null
      ],
      "/home/nroos/Programming/LanitujuOhtu/app/models/book.rb": [
        1,
        null,
        1,
        4,
        null,
        null,
        1,
        0,
        null,
        null
      ],
      "/home/nroos/Programming/LanitujuOhtu/app/models/inproceeding.rb": [
        1,
        null,
        1,
        4,
        null,
        1,
        0,
        null,
        null
      ],
      "/home/nroos/Programming/LanitujuOhtu/app/controllers/books_controller.rb": [
        1,
        1,
        null,
        null,
        null,
        1,
        6,
        null,
        null,
        null,
        null,
        1,
        null,
        null,
        null,
        1,
        1,
        null,
        null,
        null,
        1,
        null,
        null,
        null,
        null,
        1,
        1,
        null,
        1,
        1,
        2,
        1,
        null,
        0,
        0,
        null,
        null,
        null,
        null,
        null,
        null,
        1,
        0,
        0,
        0,
        0,
        null,
        0,
        0,
        null,
        null,
        null,
        null,
        null,
        null,
        1,
        1,
        1,
        2,
        1,
        null,
        null,
        null,
        1,
        null,
        1,
        1,
        null,
        null,
        null,
        1,
        1,
        null,
        null
      ],
      "/home/nroos/Programming/LanitujuOhtu/app/controllers/inproceedings_controller.rb": [
        1,
        1,
        null,
        null,
        null,
        1,
        5,
        null,
        null,
        null,
        null,
        1,
        null,
        null,
        null,
        null,
        1,
        2,
        null,
        null,
        null,
        1,
        null,
        null,
        null,
        null,
        1,
        2,
        null,
        2,
        2,
        4,
        2,
        null,
        0,
        0,
        null,
        null,
        null,
        null,
        null,
        null,
        1,
        0,
        0,
        0,
        0,
        null,
        0,
        0,
        null,
        null,
        null,
        null,
        null,
        null,
        1,
        1,
        1,
        2,
        1,
        null,
        null,
        null,
        1,
        null,
        1,
        1,
        null,
        null,
        null,
        1,
        2,
        null,
        null
      ],
      "/home/nroos/Programming/LanitujuOhtu/app/controllers/file_controller.rb": [
        0,
        0,
        0,
        0,
        0,
        0,
        0,
        0,
        0,
        0,
        0,
        0,
        0,
        0,
        0,
        0,
        0,
        0,
        0,
        0,
        0,
        0,
        0,
        0
      ]
    },
    "timestamp": 1461169095
  },
  "RSpec": {
    "coverage": {
      "/home/nroos/Programming/LanitujuOhtu/app/helpers/application_helper.rb": [
        1,
        null
      ],
      "/home/nroos/Programming/LanitujuOhtu/app/helpers/articles_helper.rb": [
        1,
        null
      ],
      "/home/nroos/Programming/LanitujuOhtu/app/helpers/books_helper.rb": [
        1,
        null
      ],
      "/home/nroos/Programming/LanitujuOhtu/app/helpers/file_helper.rb": [
        1,
        null
      ],
      "/home/nroos/Programming/LanitujuOhtu/app/helpers/file_controller_helper.rb": [
        1,
        null
      ],
      "/home/nroos/Programming/LanitujuOhtu/app/helpers/inproceedings_helper.rb": [
        1,
        null
      ],
      "/home/nroos/Programming/LanitujuOhtu/app/controllers/articles_controller.rb": [
        1,
        1,
        null,
        null,
        null,
        1,
        3,
        null,
        null,
        null,
        null,
        1,
        null,
        null,
        null,
        1,
        0,
        null,
        1,
        0,
        0,
        0,
        null,
        null,
        null,
        1,
        null,
        null,
        null,
        null,
        1,
        0,
        null,
        0,
        0,
        0,
        0,
        null,
        0,
        0,
        null,
        null,
        null,
        null,
        null,
        null,
        1,
        0,
        0,
        0,
        0,
        null,
        0,
        0,
        null,
        null,
        null,
        null,
        null,
        null,
        1,
        0,
        0,
        0,
        0,
        null,
        null,
        null,
        1,
        null,
        1,
        0,
        null,
        null,
        null,
        1,
        0,
        null,
        null
      ],
      "/home/nroos/Programming/LanitujuOhtu/app/controllers/application_controller.rb": [
        1,
        null,
        null,
        1,
        null,
        null,
        null,
        null
      ],
      "/home/nroos/Programming/LanitujuOhtu/app/controllers/books_controller.rb": [
        1,
        1,
        null,
        null,
        null,
        1,
        1,
        null,
        null,
        null,
        null,
        1,
        null,
        null,
        null,
        1,
        1,
        null,
        null,
        null,
        1,
        null,
        null,
        null,
        null,
        1,
        0,
        null,
        0,
        0,
        0,
        0,
        null,
        0,
        0,
        null,
        null,
        null,
        null,
        null,
        null,
        1,
        0,
        0,
        0,
        0,
        null,
        0,
        0,
        null,
        null,
        null,
        null,
        null,
        null,
        1,
        0,
        0,
        0,
        0,
        null,
        null,
        null,
        1,
        null,
        1,
        0,
        null,
        null,
        null,
        1,
        0,
        null,
        null
      ],
      "/home/nroos/Programming/LanitujuOhtu/app/controllers/file_controller.rb": [
        1,
        1,
        0,
        0,
        0,
        null,
        null,
        1,
        0,
        0,
        0,
        null,
        0,
        0,
        null,
        0,
        0,
        null,
        0,
        0,
        null,
        null,
        null,
        null
      ],
      "/home/nroos/Programming/LanitujuOhtu/app/controllers/inproceedings_controller.rb": [
        1,
        1,
        null,
        null,
        null,
        1,
        1,
        null,
        null,
        null,
        null,
        1,
        null,
        null,
        null,
        null,
        1,
        1,
        null,
        null,
        null,
        1,
        null,
        null,
        null,
        null,
        1,
        0,
        null,
        0,
        0,
        0,
        0,
        null,
        0,
        0,
        null,
        null,
        null,
        null,
        null,
        null,
        1,
        0,
        0,
        0,
        0,
        null,
        0,
        0,
        null,
        null,
        null,
        null,
        null,
        null,
        1,
        0,
        0,
        0,
        0,
        null,
        null,
        null,
        1,
        null,
        1,
        0,
        null,
        null,
        null,
        1,
        0,
        null,
        null
      ],
      "/home/nroos/Programming/LanitujuOhtu/app/models/article.rb": [
        1,
        null,
        1,
        1,
        1,
        1,
        null,
        null,
        1,
        5,
        null,
        null,
        1,
        2,
        null,
        null,
        null
      ],
      "/home/nroos/Programming/LanitujuOhtu/app/models/book.rb": [
        1,
        null,
        1,
        3,
        null,
        null,
        1,
        0,
        null,
        null
      ],
      "/home/nroos/Programming/LanitujuOhtu/app/models/inproceeding.rb": [
        1,
        null,
        1,
        1,
        null,
        1,
        0,
        null,
        null
      ]
    },
    "timestamp": 1461169092
  }
}
