{
  "RSpec": {
    "coverage": {
      "/home/nroos/Programming/LanitujuOhtu/app/helpers/application_helper.rb": [
        1,
        null
      ],
      "/home/nroos/Programming/LanitujuOhtu/app/helpers/articles_helper.rb": [
        1,
        null
      ],
      "/home/nroos/Programming/LanitujuOhtu/app/helpers/books_helper.rb": [
        1,
        null
      ],
      "/home/nroos/Programming/LanitujuOhtu/app/helpers/inproceedings_helper.rb": [
        1,
        null
      ],
      "/home/nroos/Programming/LanitujuOhtu/app/controllers/articles_controller.rb": [
        1,
        1,
        null,
        null,
        null,
        1,
        3,
        null,
        null,
        null,
        null,
        1,
        null,
        null,
        null,
        1,
        0,
        null,
        null,
        null,
        1,
        null,
        null,
        null,
        null,
        1,
        0,
        null,
        0,
        0,
        0,
        0,
        null,
        0,
        0,
        null,
        null,
        null,
        null,
        null,
        null,
        1,
        0,
        0,
        0,
        0,
        null,
        0,
        0,
        null,
        null,
        null,
        null,
        null,
        null,
        1,
        0,
        0,
        0,
        0,
        null,
        null,
        null,
        1,
        null,
        1,
        0,
        null,
        null,
        null,
        1,
        0,
        null,
        null
      ],
      "/home/nroos/Programming/LanitujuOhtu/app/controllers/application_controller.rb": [
        1,
        null,
        null,
        1,
        null
      ],
      "/home/nroos/Programming/LanitujuOhtu/app/controllers/books_controller.rb": [
        1,
        1,
        null,
        null,
        null,
        1,
        1,
        null,
        null,
        null,
        null,
        1,
        null,
        null,
        null,
        1,
        1,
        null,
        null,
        null,
        1,
        null,
        null,
        null,
        null,
        1,
        0,
        null,
        0,
        0,
        0,
        0,
        null,
        0,
        0,
        null,
        null,
        null,
        null,
        null,
        null,
        1,
        0,
        0,
        0,
        0,
        null,
        0,
        0,
        null,
        null,
        null,
        null,
        null,
        null,
        1,
        0,
        0,
        0,
        0,
        null,
        null,
        null,
        1,
        null,
        1,
        0,
        null,
        null,
        null,
        1,
        0,
        null,
        null
      ],
      "/home/nroos/Programming/LanitujuOhtu/app/controllers/inproceedings_controller.rb": [
        1,
        1,
        null,
        null,
        null,
        1,
        1,
        null,
        null,
        null,
        null,
        1,
        null,
        null,
        null,
        1,
        1,
        null,
        null,
        null,
        1,
        null,
        null,
        null,
        null,
        1,
        0,
        null,
        0,
        0,
        0,
        0,
        null,
        0,
        0,
        null,
        null,
        null,
        null,
        null,
        null,
        1,
        0,
        0,
        0,
        0,
        null,
        0,
        0,
        null,
        null,
        null,
        null,
        null,
        null,
        1,
        0,
        0,
        0,
        0,
        null,
        null,
        null,
        1,
        null,
        1,
        0,
        null,
        null,
        null,
        1,
        0,
        null,
        null
      ],
      "/home/nroos/Programming/LanitujuOhtu/app/models/article.rb": [
        1,
        null,
        1,
        1,
        1,
        1,
        null,
        null,
        1,
        5,
        null,
        null
      ],
      "/home/nroos/Programming/LanitujuOhtu/app/models/book.rb": [
        1,
        null,
        1,
        3,
        null,
        null
      ],
      "/home/nroos/Programming/LanitujuOhtu/app/models/inproceeding.rb": [
        1,
        null,
        1,
        1,
        null,
        null
      ]
    },
    "timestamp": 1461065322
  }
}
