{
  "RSpec": {
    "coverage": {
      "/home/nroos/Programming/LanitujuOhtu/app/helpers/application_helper.rb": [
        1,
        null
      ],
      "/home/nroos/Programming/LanitujuOhtu/app/helpers/articles_helper.rb": [
        1,
        null
      ],
      "/home/nroos/Programming/LanitujuOhtu/app/models/article.rb": [
        1,
        null,
        1,
        null,
        0,
        null,
        null
      ],
      "/home/nroos/Programming/LanitujuOhtu/app/controllers/articles_controller.rb": [
        0,
        0,
        0,
        0,
        0,
        0,
        0,
        0,
        0,
        0,
        0,
        0,
        0,
        0,
        0,
        0,
        0,
        0,
        0,
        0,
        0,
        0,
        0,
        0,
        0,
        0,
        0,
        0,
        0,
        0,
        0,
        0,
        0,
        0,
        0,
        0,
        0,
        0,
        0,
        0,
        0,
        0,
        0,
        0,
        0,
        0,
        0,
        0,
        0,
        0,
        0,
        0,
        0,
        0,
        0,
        0,
        0,
        0,
        0,
        0,
        0,
        0,
        0,
        0,
        0,
        0,
        0,
        0,
        0,
        0,
        0,
        0,
        0,
        0
      ],
      "/home/nroos/Programming/LanitujuOhtu/app/controllers/application_controller.rb": [
        0,
        0,
        0,
        0,
        0
      ]
    },
    "timestamp": 1460402154
  }
}
